  ZombieArena.cpp
D:\MyProjects\ZombieArena\ZombieArena.cpp(18,44): warning C4244: '=': conversion from 'unsigned int' to 'T', possible loss of data
D:\MyProjects\ZombieArena\ZombieArena.cpp(18,44): warning C4244:         with
D:\MyProjects\ZombieArena\ZombieArena.cpp(18,44): warning C4244:         [
D:\MyProjects\ZombieArena\ZombieArena.cpp(18,44): warning C4244:             T=float
D:\MyProjects\ZombieArena\ZombieArena.cpp(18,44): warning C4244:         ]
D:\MyProjects\ZombieArena\ZombieArena.cpp(19,44): warning C4244: '=': conversion from 'unsigned int' to 'T', possible loss of data
D:\MyProjects\ZombieArena\ZombieArena.cpp(19,44): warning C4244:         with
D:\MyProjects\ZombieArena\ZombieArena.cpp(19,44): warning C4244:         [
D:\MyProjects\ZombieArena\ZombieArena.cpp(19,44): warning C4244:             T=float
D:\MyProjects\ZombieArena\ZombieArena.cpp(19,44): warning C4244:         ]
D:\MyProjects\ZombieArena\ZombieArena.cpp(21,56): warning C4244: 'argument': conversion from 'T' to 'unsigned int', possible loss of data
D:\MyProjects\ZombieArena\ZombieArena.cpp(21,56): warning C4244:         with
D:\MyProjects\ZombieArena\ZombieArena.cpp(21,56): warning C4244:         [
D:\MyProjects\ZombieArena\ZombieArena.cpp(21,56): warning C4244:             T=float
D:\MyProjects\ZombieArena\ZombieArena.cpp(21,56): warning C4244:         ]
D:\MyProjects\ZombieArena\ZombieArena.cpp(21,42): warning C4244: 'argument': conversion from 'T' to 'unsigned int', possible loss of data
D:\MyProjects\ZombieArena\ZombieArena.cpp(21,42): warning C4244:         with
D:\MyProjects\ZombieArena\ZombieArena.cpp(21,42): warning C4244:         [
D:\MyProjects\ZombieArena\ZombieArena.cpp(21,42): warning C4244:             T=float
D:\MyProjects\ZombieArena\ZombieArena.cpp(21,42): warning C4244:         ]
  ZombieArena.vcxproj -> D:\MyProjects\ZombieArena\Debug\ZombieArena.exe
